0 info it worked if it ends with ok
1 verbose cli [ '/usr/bin/node', '/usr/bin/npm', 'run', 'watch' ]
2 info using npm@3.5.2
3 info using node@v6.11.4
4 verbose run-script [ 'prewatch', 'watch', 'postwatch' ]
5 info lifecycle devportfolio-template@1.1.3~prewatch: devportfolio-template@1.1.3
6 silly lifecycle devportfolio-template@1.1.3~prewatch: no script for prewatch, continuing
7 info lifecycle devportfolio-template@1.1.3~watch: devportfolio-template@1.1.3
8 verbose lifecycle devportfolio-template@1.1.3~watch: unsafe-perm in lifecycle true
9 verbose lifecycle devportfolio-template@1.1.3~watch: PATH: /usr/share/npm/bin/node-gyp-bin:/home/rohit/projects/devportfolio/node_modules/.bin:/home/rohit/miniconda2/bin:/usr/local/bin/conda/bin:/home/rohit/miniconda2/bin:/home/rohit/miniconda2/bin:/usr/local/sbin:/usr/local/bin:/usr/sbin:/usr/bin:/sbin:/bin:/usr/games:/usr/local/games:/snap/bin:/home/rohit/.local/bin
10 verbose lifecycle devportfolio-template@1.1.3~watch: CWD: /home/rohit/projects/devportfolio
11 silly lifecycle devportfolio-template@1.1.3~watch: Args: [ '-c', 'gulp watch' ]
12 info lifecycle devportfolio-template@1.1.3~watch: Failed to exec watch script
13 verbose stack Error: devportfolio-template@1.1.3 watch: `gulp watch`
13 verbose stack spawn ENOENT
13 verbose stack     at ChildProcess.<anonymous> (/usr/share/npm/lib/utils/spawn.js:17:16)
13 verbose stack     at emitTwo (events.js:106:13)
13 verbose stack     at ChildProcess.emit (events.js:191:7)
13 verbose stack     at maybeClose (internal/child_process.js:920:16)
13 verbose stack     at Process.ChildProcess._handle.onexit (internal/child_process.js:230:5)
14 verbose pkgid devportfolio-template@1.1.3
15 verbose cwd /home/rohit/projects/devportfolio
16 error Linux 4.13.0-25-generic
17 error argv "/usr/bin/node" "/usr/bin/npm" "run" "watch"
18 error node v6.11.4
19 error npm  v3.5.2
20 error file sh
21 error code ELIFECYCLE
22 error errno ENOENT
23 error syscall spawn
24 error devportfolio-template@1.1.3 watch: `gulp watch`
24 error spawn ENOENT
25 error Failed at the devportfolio-template@1.1.3 watch script 'gulp watch'.
25 error Make sure you have the latest version of node.js and npm installed.
25 error If you do, this is most likely a problem with the devportfolio-template package,
25 error not with npm itself.
25 error Tell the author that this fails on your system:
25 error     gulp watch
25 error You can get information on how to open an issue for this project with:
25 error     npm bugs devportfolio-template
25 error Or if that isn't available, you can get their info via:
25 error     npm owner ls devportfolio-template
25 error There is likely additional logging output above.
26 verbose exit [ 1, true ]
